dev-topics-codingexams\dev-topics-amazon-codingchallange\src\main\java\demo\amazon\games\AbstractID.java:package demo.amazon.games;
dev-topics-codingexams\dev-topics-amazon-codingchallange\src\main\java\demo\amazon\games\CustomerID.java:package demo.amazon.games;
dev-topics-codingexams\dev-topics-amazon-codingchallange\src\main\java\demo\amazon\games\Dao.java:package demo.amazon.games;
dev-topics-codingexams\dev-topics-amazon-codingchallange\src\main\java\demo\amazon\games\daostrategy\StubDao.java:package demo.amazon.games.daostrategy;
dev-topics-codingexams\dev-topics-amazon-codingchallange\src\main\java\demo\amazon\games\ProductID.java:package demo.amazon.games;
dev-topics-codingexams\dev-topics-amazon-codingchallange\src\main\java\demo\amazon\games\Recommend.java:package demo.amazon.games;
dev-topics-codingexams\dev-topics-amazon-codingchallange\src\main\java\demo\amazon\games\recommenders\SimpleRecommender.java:package demo.amazon.games.recommenders;
dev-topics-codingexams\dev-topics-amazon-codingchallange\src\test\java\demo\amazon\games\test\SimpleRecommenderTest.java:package demo.amazon.games.test;
dev-topics-codingexams\dev-topics-amazon-codingchallange\src\test\java\demo\amazon\games\test\StubDaoTest.java:package demo.amazon.games.test;
dev-topics-codingexams\dev-topics-amazon-findmedian\src\main\java\demo\don\amazon\findmedian\api\MedianFinder.java:package demo.don.amazon.findmedian.api;
dev-topics-codingexams\dev-topics-amazon-findmedian\src\main\java\demo\don\amazon\findmedian\api\StreamSupplier.java:package demo.don.amazon.findmedian.api;
dev-topics-codingexams\dev-topics-amazon-findmedian\src\main\java\demo\don\amazon\findmedian\finder\DualPriorityQueueFinder.java:package demo.don.amazon.findmedian.finder;
dev-topics-codingexams\dev-topics-amazon-findmedian\src\main\java\demo\don\amazon\findmedian\finder\SimplePriorityQueueFinder.java:package demo.don.amazon.findmedian.finder;
dev-topics-codingexams\dev-topics-amazon-findmedian\src\main\java\demo\don\amazon\findmedian\supplier\RandomStreamSupplier.java:package demo.don.amazon.findmedian.supplier;
dev-topics-codingexams\dev-topics-amazon-findmedian\src\main\java\demo\don\amazon\findmedian\TimedRunner.java:package demo.don.amazon.findmedian;
dev-topics-codingexams\dev-topics-amazon-findmedian\src\test\java\demo\don\amazon\findmedian\finder\test\DualPriorityQueueTest.java:package demo.don.amazon.findmedian.finder.test;
dev-topics-codingexams\dev-topics-amazon-findmedian\src\test\java\demo\don\amazon\findmedian\finder\test\SimplePriorityQueueTest.java:package demo.don.amazon.findmedian.finder.test;
dev-topics-codingexams\dev-topics-amazon-findmedian\src\test\java\demo\don\amazon\findmedian\supplier\test\RandomSupplierTest.java:package demo.don.amazon.findmedian.supplier.test;
dev-topics-codingexams\dev-topics-amazon-invoiceparser\src\main\java\demo\don\amazon\invoice\parser\ExtractStrategy.java:package demo.don.amazon.invoice.parser;
dev-topics-codingexams\dev-topics-amazon-invoiceparser\src\main\java\demo\don\amazon\invoice\parser\impl\AbstractExtractStrategy.java:package demo.don.amazon.invoice.parser.impl;
dev-topics-codingexams\dev-topics-amazon-invoiceparser\src\main\java\demo\don\amazon\invoice\parser\impl\ExtractStrategy2011.java:package demo.don.amazon.invoice.parser.impl;
dev-topics-codingexams\dev-topics-amazon-invoiceparser\src\main\java\demo\don\amazon\invoice\parser\impl\ExtractStrategy2012.java:package demo.don.amazon.invoice.parser.impl;
dev-topics-codingexams\dev-topics-amazon-invoiceparser\src\main\java\demo\don\amazon\invoice\parser\impl\InvoiceLister.java:package demo.don.amazon.invoice.parser.impl;
dev-topics-codingexams\dev-topics-amazon-invoiceparser\src\main\java\demo\don\amazon\invoice\parser\impl\InvoiceListerRunner.java:package demo.don.amazon.invoice.parser.impl;
dev-topics-codingexams\dev-topics-amazon-invoiceparser\src\test\java\demo\don\amazon\invoice\parser\impl\test\CheckStrategy.java:package demo.don.amazon.invoice.parser.impl.test;
dev-topics-codingexams\dev-topics-amazon-invoiceparser\src\test\java\demo\don\amazon\invoice\parser\impl\test\ParserHelperTest.java:package demo.don.amazon.invoice.parser.impl.test;
dev-topics-codingexams\dev-topics-amazon-invoiceparser\src\test\java\demo\don\amazon\invoice\parser\impl\test\Strategy2011Test.java:package demo.don.amazon.invoice.parser.impl.test;
dev-topics-codingexams\dev-topics-amazon-invoiceparser\src\test\java\demo\don\amazon\invoice\parser\impl\test\Strategy2012Test.java:package demo.don.amazon.invoice.parser.impl.test;
dev-topics-codingexams\dev-topics-amazon-rangeconsolidator\src\main\java\demo\don\amazon\rangeconsolidator\AbstractOverlap.java:package demo.don.amazon.rangeconsolidator;
dev-topics-codingexams\dev-topics-amazon-rangeconsolidator\src\main\java\demo\don\amazon\rangeconsolidator\Overlap.java:package demo.don.amazon.rangeconsolidator;
dev-topics-codingexams\dev-topics-amazon-rangeconsolidator\src\main\java\demo\don\amazon\rangeconsolidator\OverlapL2R.java:package demo.don.amazon.rangeconsolidator;
dev-topics-codingexams\dev-topics-amazon-rangeconsolidator\src\main\java\demo\don\amazon\rangeconsolidator\OverlapLeetCode.java:package demo.don.amazon.rangeconsolidator;
dev-topics-codingexams\dev-topics-amazon-rangeconsolidator\src\main\java\demo\don\amazon\rangeconsolidator\OverlapR2L.java:package demo.don.amazon.rangeconsolidator;
dev-topics-codingexams\dev-topics-amazon-rangeconsolidator\src\main\java\demo\don\amazon\rangeconsolidator\OverlapSort.java:package demo.don.amazon.rangeconsolidator;
dev-topics-codingexams\dev-topics-amazon-rangeconsolidator\src\main\java\demo\don\Solution.java:package demo.don;
dev-topics-codingexams\dev-topics-amazon-rangeconsolidator\src\test\java\demo\don\amazon\rangeconsolidator\test\TestDef.java:package demo.don.amazon.rangeconsolidator.test;
dev-topics-codingexams\dev-topics-amazon-rangeconsolidator\src\test\java\demo\don\amazon\rangeconsolidator\test\TestOvrFun.java:package demo.don.amazon.rangeconsolidator.test;
dev-topics-codingexams\dev-topics-amazon-rangeconsolidator\src\test\java\demo\don\amazon\rangeconsolidator\test\TestOvrFunPerf.java:package demo.don.amazon.rangeconsolidator.test;
dev-topics-codingexams\dev-topics-amazon-rangeconsolidator\src\test\java\demo\don\amazon\rangeconsolidator\test\TestOvrFunPerf10xL2R.java:package demo.don.amazon.rangeconsolidator.test;
dev-topics-codingexams\dev-topics-amazon-rangeconsolidator\src\test\java\demo\don\amazon\rangeconsolidator\test\TestOvrFunPerf10xLC.java:package demo.don.amazon.rangeconsolidator.test;
dev-topics-codingexams\dev-topics-amazon-rangeconsolidator\src\test\java\demo\don\amazon\rangeconsolidator\test\TestOvrFunPerf10xR2L.java:package demo.don.amazon.rangeconsolidator.test;
dev-topics-codingexams\dev-topics-amazon-rangeconsolidator\src\test\java\demo\don\amazon\rangeconsolidator\test\TestPerfUtil.java:package demo.don.amazon.rangeconsolidator.test;
dev-topics-codingexams\dev-topics-amazon-rangeconsolidator\src\test\java\demo\don\amazon\rangeconsolidator\test\TestSolutionFun.java:package demo.don.amazon.rangeconsolidator.test;
dev-topics-codingexams\dev-topics-apple-compounditerator\src\main\java\demo\apple\compounditerator\CompoundIterator.java:package demo.apple.compounditerator;
dev-topics-codingexams\dev-topics-apple-compounditerator\src\main\java\demo\apple\compounditerator\FilteredUserData.java:package demo.apple.compounditerator;
dev-topics-codingexams\dev-topics-apple-compounditerator\src\main\java\demo\apple\compounditerator\impl\CompoundIteratorImpl.java:package demo.apple.compounditerator.impl;
dev-topics-codingexams\dev-topics-apple-compounditerator\src\main\java\demo\apple\compounditerator\impl\FilteredUserDataImpl.java:package demo.apple.compounditerator.impl;
dev-topics-codingexams\dev-topics-apple-compounditerator\src\main\java\demo\apple\compounditerator\impl\UserDataImpl.java:package demo.apple.compounditerator.impl;
dev-topics-codingexams\dev-topics-apple-compounditerator\src\main\java\demo\apple\compounditerator\UserData.java:package demo.apple.compounditerator;
dev-topics-codingexams\dev-topics-apple-compounditerator\src\test\java\demo\apple\compounditerator\test\CompoundIteratorTest.java:package demo.apple.compounditerator.test;
dev-topics-codingexams\dev-topics-apple-compounditerator\src\test\java\demo\apple\compounditerator\test\UserDataTest.java:package demo.apple.compounditerator.test;
dev-topics-codingexams\dev-topics-apple-factorial\src\main\java\demo\don\factorial\impl\PreComputedMathHelper.java:package demo.don.factorial.impl;
dev-topics-codingexams\dev-topics-apple-factorial\src\main\java\demo\don\factorial\impl\SimpleMathHelper.java:package demo.don.factorial.impl;
dev-topics-codingexams\dev-topics-apple-factorial\src\main\java\demo\don\factorial\MathHelper.java:package demo.don.factorial;
dev-topics-codingexams\dev-topics-apple-factorial\src\test\java\demo\don\factorial\test\FactorialCheckerBase.java:package demo.don.factorial.test;
dev-topics-codingexams\dev-topics-apple-factorial\src\test\java\demo\don\factorial\test\TestFactorialPreComputed.java:package demo.don.factorial.test;
dev-topics-codingexams\dev-topics-apple-factorial\src\test\java\demo\don\factorial\test\TestFactorialSimple.java:package demo.don.factorial.test;
dev-topics-codingexams\dev-topics-apple-factorial\src\test\java\demo\don\factorial\test\TestTimming.java:package demo.don.factorial.test;
dev-topics-codingexams\dev-topics-cisco-sieve\src\test\java\demo\cisco\sieve\test\SieveSearcherTest.java:package demo.cisco.sieve.test;
dev-topics-codingexams\dev-topics-creditkarma-list-dependencies\src\main\java\demo\creditkarma\list_dependencies\Solution.java:package demo.creditkarma.list_dependencies;
dev-topics-codingexams\dev-topics-cruise-control\src\main\java\demo\cruisecontrol\processor\RealisticSolution.java:package demo.cruisecontrol.processor;
dev-topics-codingexams\dev-topics-cruise-control\src\main\java\demo\cruisecontrol\processor\SimpleSolution.java:package demo.cruisecontrol.processor;
dev-topics-codingexams\dev-topics-easypost-pick\src\main\java\demo\easypost\pick\Solution.java:package demo.easypost.pick;
dev-topics-codingexams\dev-topics-elance-diagonal\src\main\java\demo\elance\diagonal\DiagLister.java:package demo.elance.diagonal;
dev-topics-codingexams\dev-topics-elance-diagonal\src\main\java\demo\elance\diagonal\DisplayMatrix.java:package demo.elance.diagonal;
dev-topics-codingexams\dev-topics-elance-diagonal\src\main\java\demo\elance\diagonal\impl\AbstractDiagLister.java:package demo.elance.diagonal.impl;
dev-topics-codingexams\dev-topics-elance-diagonal\src\main\java\demo\elance\diagonal\impl\AbstractMatrixLister.java:package demo.elance.diagonal.impl;
dev-topics-codingexams\dev-topics-elance-diagonal\src\main\java\demo\elance\diagonal\impl\ColFirstMatrixListerImpl.java:package demo.elance.diagonal.impl;
dev-topics-codingexams\dev-topics-elance-diagonal\src\main\java\demo\elance\diagonal\impl\DiagListerImpl.java:package demo.elance.diagonal.impl;
dev-topics-codingexams\dev-topics-elance-diagonal\src\main\java\demo\elance\diagonal\impl\RowFirstMatrixListerImpl.java:package demo.elance.diagonal.impl;
dev-topics-codingexams\dev-topics-elance-diagonal\src\main\java\demo\elance\diagonal\MatrixLister.java:package demo.elance.diagonal;
dev-topics-codingexams\dev-topics-elance-diagonal\src\test\java\demo\elance\diagonal\test\DiagListerImplTests.java:package demo.elance.diagonal.test;
dev-topics-codingexams\dev-topics-evernote-max-operators\src\main\java\demo\en\calls\MaxCallFinder.java:package demo.en.calls;
dev-topics-codingexams\dev-topics-evernote-max-operators\src\main\java\demo\en\calls\SolutionBins.java:package demo.en.calls;
dev-topics-codingexams\dev-topics-evernote-max-operators\src\main\java\demo\en\calls\SolutionBinsLinear.java:package demo.en.calls;
dev-topics-codingexams\dev-topics-evernote-max-operators\src\main\java\demo\en\calls\SolutionEvents.java:package demo.en.calls;
dev-topics-codingexams\dev-topics-evernote-max-operators\src\main\java\demo\en\calls\SolutionEventsQueue.java:package demo.en.calls;
dev-topics-codingexams\dev-topics-evernote-max-operators\src\main\java\demo\en\performance\CallAnalyzer.java:package demo.en.performance;
dev-topics-codingexams\dev-topics-evernote-max-operators\src\main\java\demo\en\performance\CallFinderEvaluator.java:package demo.en.performance;
dev-topics-codingexams\dev-topics-evernote-max-operators\src\main\java\demo\en\performance\CallGenerator.java:package demo.en.performance;
dev-topics-codingexams\dev-topics-evernote-max-operators\src\main\java\demo\en\performance\PerformanceRunner.java:package demo.en.performance;
dev-topics-codingexams\dev-topics-gap-cart\src\main\java\demo\don\api\GapCart.java:package demo.don.api;
dev-topics-codingexams\dev-topics-gap-cart\src\main\java\demo\don\api\Pricer.java:package demo.don.api;
dev-topics-codingexams\dev-topics-gap-cart\src\main\java\demo\don\api\PricingRule.java:package demo.don.api;
dev-topics-codingexams\dev-topics-gap-cart\src\main\java\demo\don\api\SkuNotFound.java:package demo.don.api;
dev-topics-codingexams\dev-topics-gap-cart\src\main\java\demo\don\impl\AbstractPricer.java:package demo.don.impl;
dev-topics-codingexams\dev-topics-gap-cart\src\main\java\demo\don\impl\AbstractPricingRule.java:package demo.don.impl;
dev-topics-codingexams\dev-topics-gap-cart\src\main\java\demo\don\impl\GapCartImpl.java:package demo.don.impl;
dev-topics-codingexams\dev-topics-gap-cart\src\main\java\demo\don\impl\RegularPricerImpl.java:package demo.don.impl;
dev-topics-codingexams\dev-topics-gap-cart\src\main\java\demo\don\impl\RegularPricingRuleImpl.java:package demo.don.impl;
dev-topics-codingexams\dev-topics-gap-cart\src\main\java\demo\don\impl\SpecialPricerImpl.java:package demo.don.impl;
dev-topics-codingexams\dev-topics-gap-cart\src\main\java\demo\don\impl\SpecialPricingRuleImpl.java:package demo.don.impl;
dev-topics-codingexams\dev-topics-gap-cart\src\test\java\demo\don\api\test\AllTests.java:package demo.don.api.test;
dev-topics-codingexams\dev-topics-gap-cart\src\test\java\demo\don\api\test\GapCartImplTest.java:package demo.don.api.test;
dev-topics-codingexams\dev-topics-gap-cart\src\test\java\demo\don\api\test\RegularPricerImplTest.java:package demo.don.api.test;
dev-topics-codingexams\dev-topics-gap-cart\src\test\java\demo\don\api\test\RegularPricingRuleImplTest.java:package demo.don.api.test;
dev-topics-codingexams\dev-topics-gap-cart\src\test\java\demo\don\api\test\SpecialPricerImplTest.java:package demo.don.api.test;
dev-topics-codingexams\dev-topics-gap-cart\src\test\java\demo\don\api\test\SpecialPricingRuleImplTest.java:package demo.don.api.test;
dev-topics-codingexams\dev-topics-gesail-twowriters\src\main\java\demo\gesail\twowriters\AddOne.java:package demo.gesail.twowriters;
dev-topics-codingexams\dev-topics-gesail-twowriters\src\main\java\demo\gesail\twowriters\Conductor.java:package demo.gesail.twowriters;
dev-topics-codingexams\dev-topics-gesail-twowriters\src\main\java\demo\gesail\twowriters\impl\AbstractAddOne.java:package demo.gesail.twowriters.impl;
dev-topics-codingexams\dev-topics-gesail-twowriters\src\main\java\demo\gesail\twowriters\impl\AbstractConductor.java:package demo.gesail.twowriters.impl;
dev-topics-codingexams\dev-topics-gesail-twowriters\src\main\java\demo\gesail\twowriters\impl\ArrayAddOne.java:package demo.gesail.twowriters.impl;
dev-topics-codingexams\dev-topics-gesail-twowriters\src\main\java\demo\gesail\twowriters\impl\ArrayConductor.java:package demo.gesail.twowriters.impl;
dev-topics-codingexams\dev-topics-gesail-twowriters\src\main\java\demo\gesail\twowriters\impl\WrappedAddOne.java:package demo.gesail.twowriters.impl;
dev-topics-codingexams\dev-topics-gesail-twowriters\src\main\java\demo\gesail\twowriters\impl\WrappedConductor.java:package demo.gesail.twowriters.impl;
dev-topics-codingexams\dev-topics-gesail-twowriters\src\main\java\demo\gesail\twowriters\WrappedCounter.java:package demo.gesail.twowriters;
dev-topics-codingexams\dev-topics-gesail-twowriters\src\test\java\demo\gesail\twowriters\test\AbstractConductorChecker.java:package demo.gesail.twowriters.test;
dev-topics-codingexams\dev-topics-gesail-twowriters\src\test\java\demo\gesail\twowriters\test\ArrayConductorTest.java:package demo.gesail.twowriters.test;
dev-topics-codingexams\dev-topics-gesail-twowriters\src\test\java\demo\gesail\twowriters\test\WrappedConductorTest.java:package demo.gesail.twowriters.test;
dev-topics-codingexams\dev-topics-gesichtbuch-infrastructure\src\main\java\demo\gbucher\infra_exams\SubStringFinder.java:package demo.gbucher.infra_exams;
dev-topics-codingexams\dev-topics-gesichtbuch-infrastructure\src\main\java\demo\gbucher\infra_exams\TaskTimer.java:package demo.gbucher.infra_exams;
dev-topics-codingexams\dev-topics-gesichtbuch-infrastructure\src\main\java\demo\gbucher\infra_onsite\StreamToLines.java:package demo.gbucher.infra_onsite;
dev-topics-codingexams\dev-topics-gesichtbuch-infrastructure\src\main\java\demo\gbucher\infra_onsite\SumOfThree.java:package demo.gbucher.infra_onsite;
dev-topics-codingexams\dev-topics-geturner-binarysearch\src\main\java\demo\geturner\binarysearch\BinarySearch.java:package demo.geturner.binarysearch;
dev-topics-codingexams\dev-topics-geturner-binarysearch\src\main\java\demo\geturner\binarysearch\impl\AbstractBinarySearch.java:package demo.geturner.binarysearch.impl;
dev-topics-codingexams\dev-topics-geturner-binarysearch\src\main\java\demo\geturner\binarysearch\impl\IterativeSearchImpl.java:package demo.geturner.binarysearch.impl;
dev-topics-codingexams\dev-topics-geturner-binarysearch\src\main\java\demo\geturner\binarysearch\impl\NativeSearchImpl.java:package demo.geturner.binarysearch.impl;
dev-topics-codingexams\dev-topics-geturner-binarysearch\src\main\java\demo\geturner\binarysearch\impl\RecursiveSearchImpl.java:package demo.geturner.binarysearch.impl;
dev-topics-codingexams\dev-topics-geturner-binarysearch\src\test\java\demo\geturner\binarysearch\test\AbstractPerformanceChecker.java:package demo.geturner.binarysearch.test;
dev-topics-codingexams\dev-topics-geturner-binarysearch\src\test\java\demo\geturner\binarysearch\test\BinarySearchChecker.java:package demo.geturner.binarysearch.test;
dev-topics-codingexams\dev-topics-geturner-binarysearch\src\test\java\demo\geturner\binarysearch\test\IterativeSearchTest.java:package demo.geturner.binarysearch.test;
dev-topics-codingexams\dev-topics-geturner-binarysearch\src\test\java\demo\geturner\binarysearch\test\NativeSearchTest.java:package demo.geturner.binarysearch.test;
dev-topics-codingexams\dev-topics-geturner-binarysearch\src\test\java\demo\geturner\binarysearch\test\RecursiveSearchTest.java:package demo.geturner.binarysearch.test;
dev-topics-codingexams\dev-topics-geturner-binarysearch\src\test\java\demo\geturner\binarysearch\test\SearchNativePerformanceTest.java:package demo.geturner.binarysearch.test;
dev-topics-codingexams\dev-topics-geturner-binarysearch\src\test\java\demo\geturner\binarysearch\test\SearchPerformanceTest.java:package demo.geturner.binarysearch.test;
dev-topics-codingexams\dev-topics-grandrounds-rover\src\main\java\demo\grandrounds\rover\Solution.java:package demo.grandrounds.rover;
dev-topics-codingexams\dev-topics-granular-sudoku\src\main\java\demo\granular\sudoku\GameChecker.java:package demo.granular.sudoku;
dev-topics-codingexams\dev-topics-granular-sudoku\src\main\java\demo\granular\sudoku\impl\MultiPassChecker.java:package demo.granular.sudoku.impl;
dev-topics-codingexams\dev-topics-granular-sudoku\src\main\java\demo\granular\sudoku\impl\SampleData.java:package demo.granular.sudoku.impl;
dev-topics-codingexams\dev-topics-granular-sudoku\src\main\java\demo\granular\sudoku\impl\SinglePassChecker.java:package demo.granular.sudoku.impl;
dev-topics-codingexams\dev-topics-granular-sudoku\src\main\java\demo\granular\sudoku\Runner.java:package demo.granular.sudoku;
dev-topics-codingexams\dev-topics-granular-sudoku\src\test\java\demo\granular\sudoku\test\MultiPassCheckerTest.java:package demo.granular.sudoku.test;
dev-topics-codingexams\dev-topics-granular-sudoku\src\test\java\demo\granular\sudoku\test\SinglePassCheckerTest.java:package demo.granular.sudoku.test;
dev-topics-codingexams\dev-topics-ijsde-problems\src\main\java\demo\ijsde\problems\BranchSumSolution.java:package demo.ijsde.problems;
dev-topics-codingexams\dev-topics-ijsde-problems\src\main\java\demo\ijsde\problems\BranchSumSolution0.java:package demo.ijsde.problems;
dev-topics-codingexams\dev-topics-ijsde-problems\src\main\java\demo\ijsde\problems\MaxOfArray.java:package demo.ijsde.problems;
dev-topics-codingexams\dev-topics-ijsde-problems\src\main\java\demo\ijsde\problems\SolutionCheckBrackets.java:package demo.ijsde.problems;
dev-topics-codingexams\dev-topics-ijsde-problems\src\main\java\demo\ijsde\problems\SolutionNonRepeat.java:package demo.ijsde.problems;
dev-topics-codingexams\dev-topics-ijsde-problems\src\main\java\demo\ijsde\problems\SolutionOpenCloseBalance.java:package demo.ijsde.problems;
dev-topics-codingexams\dev-topics-ijsde-problems\src\main\java\demo\ijsde\problems\SolutionPrefix.java:package demo.ijsde.problems;
dev-topics-codingexams\dev-topics-ijsde-problems\src\main\java\demo\ijsde\problems\SolutionStocks.java:package demo.ijsde.problems;
dev-topics-codingexams\dev-topics-liveramp-autoboxing\src\main\java\demo\liveramp\autoboxing\ExampleEQL.java:package demo.liveramp.autoboxing;
dev-topics-codingexams\dev-topics-liveramp-autoboxing\src\main\java\demo\liveramp\autoboxing\ExampleEQLNeg.java:package demo.liveramp.autoboxing;
dev-topics-codingexams\dev-topics-liveramp-autoboxing\src\main\java\demo\liveramp\autoboxing\ExampleGTR.java:package demo.liveramp.autoboxing;
dev-topics-codingexams\dev-topics-liveramp-autoboxing\src\main\java\demo\liveramp\autoboxing\ExampleValueOf.java:package demo.liveramp.autoboxing;
dev-topics-codingexams\dev-topics-liveramp-bitsearch\src\main\java\demo\liveramp\bitsearch\BitSearcher.java:package demo.liveramp.bitsearch;
dev-topics-codingexams\dev-topics-liveramp-bitsearch\src\main\java\demo\liveramp\bitsearch\performance\PerformanceRunner.java:package demo.liveramp.bitsearch.performance;
dev-topics-codingexams\dev-topics-liveramp-bitsearch\src\main\java\demo\liveramp\bitsearch\test\IPBuilder.java:package demo.liveramp.bitsearch.test;
dev-topics-codingexams\dev-topics-liveramp-bitsearch\src\main\java\demo\liveramp\bitsearch\test\TestBoundedMatcher.java:package demo.liveramp.bitsearch.test;
dev-topics-codingexams\dev-topics-liveramp-bitsearch\src\main\java\demo\liveramp\bitsearch\test\TestIPBGeneratedObservedCounts.java.java:package demo.liveramp.bitsearch.test;
dev-topics-codingexams\dev-topics-liveramp-bitsearch\src\main\java\demo\liveramp\bitsearch\test\TestIPBGenerateIPAddressesAndCounts.java:package demo.liveramp.bitsearch.test;
dev-topics-codingexams\dev-topics-liveramp-bitsearch\src\main\java\demo\liveramp\bitsearch\test\TestRunner.java:package demo.liveramp.bitsearch.test;
dev-topics-codingexams\dev-topics-liveramp-bitsearch\src\main\java\demo\liveramp\bitsearch\test\TestSimpleMatcher.java:package demo.liveramp.bitsearch.test;
dev-topics-codingexams\dev-topics-liveramp-bitsearch\src\main\java\demo\liveramp\bitsearch\test\TestSortedKeyExtractor.java:package demo.liveramp.bitsearch.test;
dev-topics-codingexams\dev-topics-liveramp-bitsearch\src\main\java\demo\liveramp\bitsearch\test\TestUnsignedBinarySearch.java:package demo.liveramp.bitsearch.test;
dev-topics-codingexams\dev-topics-liveramp-bitsearch\src\main\java\demo\liveramp\bitsearch\test\TestUnsignedComparator.java:package demo.liveramp.bitsearch.test;
dev-topics-codingexams\dev-topics-liveramp-bitsearch\src\main\java\demo\liveramp\bitsearch\test\TestUnsortedKeyExtractor.java:package demo.liveramp.bitsearch.test;
dev-topics-codingexams\dev-topics-liveramp-bitsearch\src\main\java\demo\liveramp\bitsearch\test\UnsignedValidator.java:package demo.liveramp.bitsearch.test;
dev-topics-codingexams\dev-topics-lumendata-duplicatechecker\src\main\java\demo\dupcheck\domain\DataMetricsBean.java:package demo.dupcheck.domain;
dev-topics-codingexams\dev-topics-lumendata-duplicatechecker\src\main\java\demo\dupcheck\domain\DataRow.java:package demo.dupcheck.domain;
dev-topics-codingexams\dev-topics-lumendata-duplicatechecker\src\main\java\demo\dupcheck\domain\DupChecker.java:package demo.dupcheck.domain;
dev-topics-codingexams\dev-topics-lumendata-duplicatechecker\src\main\java\demo\dupcheck\domain\DupDataReader.java:package demo.dupcheck.domain;
dev-topics-codingexams\dev-topics-lumendata-duplicatechecker\src\main\java\demo\dupcheck\DupCheck.java:package demo.dupcheck;
dev-topics-codingexams\dev-topics-lumendata-duplicatechecker\src\main\java\demo\dupcheck\impl\DataRowBean.java:package demo.dupcheck.impl;
dev-topics-codingexams\dev-topics-lumendata-duplicatechecker\src\main\java\demo\dupcheck\impl\SimpleDupChecker.java:package demo.dupcheck.impl;
dev-topics-codingexams\dev-topics-lumendata-duplicatechecker\src\main\java\demo\dupcheck\impl\StubDataReader.java:package demo.dupcheck.impl;
dev-topics-codingexams\dev-topics-lumendata-duplicatechecker\src\test\java\demo\dupcheck\test\DupCheckTest.java:package demo.dupcheck.test;
dev-topics-codingexams\dev-topics-pintr-expand\src\main\java\demo\pintr\expand\RepeatKeys.java:package demo.pintr.expand;
dev-topics-codingexams\dev-topics-rakuten-merge\src\main\java\demo\rakuten\merge\Solution.java:package demo.rakuten.merge;
dev-topics-codingexams\dev-topics-socotra-ordered\src\main\java\demo\socotra\ordered\PrintByFrequencyAndAppearance.java:package demo.socotra.ordered;
dev-topics-codingexams\dev-topics-socotra-ordered\src\main\java\demo\socotra\ordered\PrintByFrequencyAndAppearance_Java8.java:package demo.socotra.ordered;
dev-topics-codingexams\dev-topics-trulia-treesearch\src\main\java\demo\trulia\treesearch\TestDataManager.java:package demo.trulia.treesearch;
dev-topics-codingexams\dev-topics-trulia-treesearch\src\main\java\demo\trulia\treesearch\TreeConstructor.java:package demo.trulia.treesearch;
dev-topics-codingexams\dev-topics-trulia-treesearch\src\main\java\demo\trulia\treesearch\TreeSearchDemo.java:package demo.trulia.treesearch;
dev-topics-codingexams\dev-topics-trulia-treesearch\src\main\java\demo\trulia\treesearch\TreeSearcher.java:package demo.trulia.treesearch;
dev-topics-codingexams\dev-topics-trulia-treesearch\src\main\java\demo\trulia\treesearch\TSNode.java:package demo.trulia.treesearch;
dev-topics-codingexams\dev-topics-wework-patterns\src\main\java\demo\wework\patterns\Solution.java:package demo.wework.patterns;
dev-topics-codingexams\dev-topics-wework-spiral\src\main\java\demo\wework\spiral\Solution.java:package demo.wework.spiral;
dev-topics-hacks\dev-topics-serialhack\src\main\java\demo\serialize\hack\HackerSample.java:package demo.serialize.hack;
dev-topics-hacks\dev-topics-serialhack\src\main\java\demo\serialize\hack\HackUtil.java:package demo.serialize.hack;
dev-topics-hacks\dev-topics-serialhack\src\main\java\demo\serialize\hack\runner\HackerSampleRunner.java:package demo.serialize.hack.runner;
dev-topics-hacks\dev-topics-serialhack\src\test\java\demo\serialize\hack\test\HackerJUNITDemoTest.java:package demo.serialize.hack.test;
dev-topics-hacks\dev-topics-serialhack\src\test\java\demo\serialize\hack\test\HackerTest.java:package demo.serialize.hack.test;
dev-topics-jerseyservices\dev-topics-safecollection\src\main\java\demo\jersey\safecollection\service\SafeCollection.java:package demo.jersey.safecollection.service;
dev-topics-jerseyservices\dev-topics-safecollection\src\test\java\demo\jersey\safecollection\service\safecollection\test\SafeCollectionTest.java:package demo.jersey.safecollection.service.safecollection.test;
dev-topics-jerseyservices\dev-topics-safecollection\src\test\java\demo\jersey\safecollection\service\test\Launcher.java:package demo.jersey.safecollection.service.test;
dev-topics-memoryindexing\dev-topics-simple-linearsearch\src\main\java\demo\don\searcher\databuilder\NameBuilder.java:package demo.don.searcher.databuilder;
dev-topics-memoryindexing\dev-topics-simple-linearsearch\src\main\java\demo\don\searcher\FLName.java:package demo.don.searcher;
dev-topics-memoryindexing\dev-topics-simple-linearsearch\src\main\java\demo\don\searcher\index\impl\StringIndexBuilderImpl.java:package demo.don.searcher.index.impl;
dev-topics-memoryindexing\dev-topics-simple-linearsearch\src\main\java\demo\don\searcher\index\IndexBuilder.java:package demo.don.searcher.index;
dev-topics-memoryindexing\dev-topics-simple-linearsearch\src\main\java\demo\don\searcher\index\IndexHelper.java:package demo.don.searcher.index;
dev-topics-memoryindexing\dev-topics-simple-linearsearch\src\main\java\demo\don\searcher\match\impl\StringIndexSearcherImpl.java:package demo.don.searcher.match.impl;
dev-topics-memoryindexing\dev-topics-simple-linearsearch\src\main\java\demo\don\searcher\match\IndexSearcher.java:package demo.don.searcher.match;
dev-topics-memoryindexing\dev-topics-simple-linearsearch\src\main\java\demo\don\searcher\runner\IndexRunner.java:package demo.don.searcher.runner;
dev-topics-memoryindexing\dev-topics-simple-linearsearch\src\main\java\demo\don\searcher\SearchIndex.java:package demo.don.searcher;
dev-topics-memoryindexing\dev-topics-simple-linearsearch\src\main\java\demo\don\searcher\UserID.java:package demo.don.searcher;
dev-topics-memoryindexing\dev-topics-simple-linearsearch\src\test\java\demo\don\searcher\databuilder\test\TestNameBuilder.java:package demo.don.searcher.databuilder.test;
dev-topics-memoryindexing\dev-topics-simple-linearsearch\src\test\java\demo\don\searcher\index\test\TestIndexHelper.java:package demo.don.searcher.index.test;
dev-topics-memoryindexing\dev-topics-simple-linearsearch\src\test\java\demo\don\searcher\match\test\TestStringIndexSearcherImpl.java:package demo.don.searcher.match.test;
dev-topics-memoryindexing\dev-topics-simple-linearsearch\src\test\java\demo\don\searcher\test\AllTests.java:package demo.don.searcher.test;
dev-topics-memoryindexing\dev-topics-simple-linearsearch\src\test\java\demo\don\searcher\test\DataBuilderTestConstants.java:package demo.don.searcher.test;
dev-topics-memoryindexing\dev-topics-topx-query\src\main\java\demo\scanner\api\AscendingComparator.java:package demo.scanner.api;
dev-topics-memoryindexing\dev-topics-topx-query\src\main\java\demo\scanner\api\Game.java:package demo.scanner.api;
dev-topics-memoryindexing\dev-topics-topx-query\src\main\java\demo\scanner\api\GameDataBuilder.java:package demo.scanner.api;
dev-topics-memoryindexing\dev-topics-topx-query\src\main\java\demo\scanner\api\TopXScanner.java:package demo.scanner.api;
dev-topics-memoryindexing\dev-topics-topx-query\src\main\java\demo\scanner\impl\AbstractTopXScanner.java:package demo.scanner.impl;
dev-topics-memoryindexing\dev-topics-topx-query\src\main\java\demo\scanner\impl\GameBean.java:package demo.scanner.impl;
dev-topics-memoryindexing\dev-topics-topx-query\src\main\java\demo\scanner\impl\QueueScanner.java:package demo.scanner.impl;
dev-topics-memoryindexing\dev-topics-topx-query\src\main\java\demo\scanner\impl\SimpleGameDataBuilder.java:package demo.scanner.impl;
dev-topics-memoryindexing\dev-topics-topx-query\src\main\java\demo\scanner\impl\SortedArrayScanner.java:package demo.scanner.impl;
dev-topics-memoryindexing\dev-topics-topx-query\src\main\java\demo\scanner\ScannerTimer.java:package demo.scanner;
dev-topics-memoryindexing\dev-topics-topx-query\src\test\java\demo\scanner\api\test\ArrayScannerTest.java:package demo.scanner.api.test;
dev-topics-memoryindexing\dev-topics-topx-query\src\test\java\demo\scanner\api\test\DataBuilderTest.java:package demo.scanner.api.test;
dev-topics-memoryindexing\dev-topics-topx-query\src\test\java\demo\scanner\api\test\GameTest.java:package demo.scanner.api.test;
dev-topics-memoryindexing\dev-topics-topx-query\src\test\java\demo\scanner\api\test\QueueScannerTest.java:package demo.scanner.api.test;
dev-topics-memoryindexing\dev-topics-topx-query\src\test\java\demo\scanner\api\test\ScannerTimingTest.java:package demo.scanner.api.test;
dev-topics-memoryindexing\dev-topics-topx-query\src\test\java\demo\scanner\api\test\VerificationUtils.java:package demo.scanner.api.test;
dev-topics-testingutils\src\main\java\demo\concurrent\util\Launch.java:package demo.concurrent.util;
dev-topics-testingutils\src\main\java\demo\concurrent\util\ParallelRunner.java:package demo.concurrent.util;
dev-topics-testingutils\src\main\java\demo\concurrent\util\SerialRunner.java:package demo.concurrent.util;
dev-topics-testingutils\src\main\java\demo\file\util\FileUtils.java:package demo.file.util;
dev-topics-testingutils\src\main\java\demo\spring\util\SpringUtils.java:package demo.spring.util;
dev-topics-testingutils\src\main\java\demo\system\util\EnvLister.java:package demo.system.util;
dev-topics-testingutils\src\test\java\demo\concurrent\util\test\CumuloTestData.java:package demo.concurrent.util.test;
dev-topics-testingutils\src\test\java\demo\concurrent\util\test\ParallelRunnerTest.java:package demo.concurrent.util.test;
dev-topics-testingutils\src\test\java\demo\concurrent\util\test\SerialRunnerTest.java:package demo.concurrent.util.test;
dev-topics-testingutils\src\test\java\demo\file\util\test\FileUtilsTest.java:package demo.file.util.test;
dev-topics-testingutils\src\test\java\demo\system\util\test\EnvListerTest.java:package demo.system.util.test;
dev-topics-testingutils\src\test\resources\FileUtilsTest.java:package demo.file.util.test;
dev-topics-testingutils\target\test-classes\FileUtilsTest.java:package demo.file.util.test;
